android/app/build/intermediates/manifest_merge_blame_file/release/processReleaseMainManifest/manifest-merger-blame-release-report.txt
1<?xml version="1.0" encoding="utf-8"?>
2<manifest xmlns:android="http://schemas.android.com/apk/res/android"
3    package="xin.aimj.vcode"
4    android:testOnly="false"
5    android:versionCode="1"
6    android:versionName="0.1.0" >
7
8    <uses-sdk
9        android:minSdkVersion="26"
10        android:targetSdkVersion="35" />
11
12    <uses-permission android:name="android.permission.INTERNET" />
12-->src\main\AndroidManifest.xml:2:5-67
12-->src\main\AndroidManifest.xml:2:22-64
13    <uses-permission android:name="android.permission.CAMERA" />
13-->src\main\AndroidManifest.xml:3:5-65
13-->src\main\AndroidManifest.xml:3:22-62
14
15    <application
15-->src\main\AndroidManifest.xml:4:5-11:19
16        android:extractNativeLibs="false"
17        android:icon="@drawable/ic_vcode"
17-->src\main\AndroidManifest.xml:4:72-105
18        android:label="Vcode"
18-->src\main\AndroidManifest.xml:4:50-71
19        android:testOnly="false"
19-->src\main\AndroidManifest.xml:4:106-130
20        android:theme="@style/AppTheme" >
20-->src\main\AndroidManifest.xml:4:18-49
21        <activity
21-->src\main\AndroidManifest.xml:5:9-10:20
22            android:name="xin.aimj.vcode.MainActivity"
22-->src\main\AndroidManifest.xml:5:19-47
23            android:exported="true"
23-->src\main\AndroidManifest.xml:5:88-111
24            android:screenOrientation="unspecified" >
24-->src\main\AndroidManifest.xml:5:48-87
25            <intent-filter>
25-->src\main\AndroidManifest.xml:6:13-9:29
26                <action android:name="android.intent.action.MAIN" />
26-->src\main\AndroidManifest.xml:7:17-69
26-->src\main\AndroidManifest.xml:7:25-66
27
28                <category android:name="android.intent.category.LAUNCHER" />
28-->src\main\AndroidManifest.xml:8:17-77
28-->src\main\AndroidManifest.xml:8:27-74
29            </intent-filter>
30        </activity>
31    </application>
32
33</manifest>